2/4/2025 7:19:39 PM
 
Error
<RI.Hid> Failed to get preparsed data: Element not found.


Error
<RI.Hid> Failed to create device file:
 20 The process cannot access the file because it is being used by another process.


Error
<RI.Hid> Failed to create device file:
 20 The process cannot access the file because it is being used by another process.


Error
<RI.Hid> Failed to create device file:
 20 The process cannot access the file because it is being used by another process.


Error
<RI.Hid> Failed to get preparsed data: Element not found.


Error
<RI.Hid> Failed to create device file:
 20 The process cannot access the file because it is being used by another process.


Error
<RI.Hid> Failed to create device file:
 20 The process cannot access the file because it is being used by another process.


